<?xml version="1.0" encoding="UTF-8"?>
<!-- Generated by org.testng.reporters.JUnitReportReporter -->
<testsuite skipped="0" hostname="Admin-PC" name="pack.Exercise1" tests="1" failures="0" timestamp="2019-09-27T08:47:38 IST" time="8.409" errors="0">
  <testcase name="f" time="8.409" classname="pack.Exercise1"/>
</testsuite> <!-- pack.Exercise1 -->
