<?xml version="1.0" encoding="UTF-8"?>
<!-- Generated by org.testng.reporters.JUnitReportReporter -->
<testsuite skipped="0" hostname="Admin-PC" name="ParameterizationPack.ParametizationSample" tests="1" failures="0" timestamp="2019-10-10T08:26:07 IST" time="96.300" errors="0">
  <testcase name="f" time="96.300" classname="ParameterizationPack.ParametizationSample"/>
</testsuite> <!-- ParameterizationPack.ParametizationSample -->
