<?xml version="1.0" encoding="UTF-8"?>
<!-- Generated by org.testng.reporters.JUnitReportReporter -->
<testsuite skipped="0" hostname="Admin-PC" name="ParameterizationPack.Neethu" tests="1" failures="0" timestamp="2019-10-19T23:18:08 IST" time="26.017" errors="0">
  <testcase name="f" time="26.017" classname="ParameterizationPack.Neethu"/>
</testsuite> <!-- ParameterizationPack.Neethu -->
