<?xml version="1.0" encoding="UTF-8"?>
<!-- Generated by org.testng.reporters.JUnitReportReporter -->
<testsuite skipped="0" hostname="Admin-PC" name="pack.Mytestng" tests="2" failures="0" timestamp="2019-09-23T08:39:58 IST" time="0.014" errors="0">
  <testcase name="sampleTest" time="0.003" classname="pack.Mytestng"/>
  <testcase name="f" time="0.011" classname="pack.Mytestng"/>
</testsuite> <!-- pack.Mytestng -->
