<?xml version="1.0" encoding="UTF-8"?>
<!-- Generated by org.testng.reporters.JUnitReportReporter -->
<testsuite skipped="0" hostname="Admin-PC" name="pack.SampleTest1" tests="1" failures="0" timestamp="2019-09-23T09:05:55 IST" time="0.234" errors="0">
  <testcase name="f" time="0.234" classname="pack.SampleTest1"/>
</testsuite> <!-- pack.SampleTest1 -->
