<?xml version="1.0" encoding="UTF-8"?>
<!-- Generated by org.testng.reporters.JUnitReportReporter -->
<testsuite skipped="0" hostname="Admin-PC" name="pack.DragAndDrop" tests="1" failures="0" timestamp="2019-10-16T22:45:06 IST" time="21.647" errors="0">
  <testcase name="f" time="21.647" classname="pack.DragAndDrop"/>
</testsuite> <!-- pack.DragAndDrop -->
