<?xml version="1.0" encoding="UTF-8"?>
<!-- Generated by org.testng.reporters.JUnitReportReporter -->
<testsuite skipped="0" hostname="Admin-PC" name="ParameterizationPack.ExcelReadSample" tests="2" failures="0" timestamp="2019-10-11T08:43:28 IST" time="71.258" errors="0">
  <testcase name="login" time="48.536" classname="ParameterizationPack.ExcelReadSample"/>
  <testcase name="login" time="22.722" classname="ParameterizationPack.ExcelReadSample"/>
</testsuite> <!-- ParameterizationPack.ExcelReadSample -->
